#
# There is insufficient memory for the Java Runtime Environment to continue.
# Native memory allocation (malloc) failed to allocate 32744 bytes for ChunkPool::allocate
# Possible reasons:
#   The system is out of physical RAM or swap space
#   The process is running with CompressedOops enabled, and the Java Heap may be blocking the growth of the native heap
# Possible solutions:
#   Reduce memory load on the system
#   Increase physical memory or swap space
#   Check if swap backing store is full
#   Decrease Java heap size (-Xmx/-Xms)
#   Decrease number of Java threads
#   Decrease Java thread stack sizes (-Xss)
#   Set larger code cache with -XX:ReservedCodeCacheSize=
#   JVM is running with Unscaled Compressed Oops mode in which the Java heap is
#     placed in the first 4GB address space. The Java Heap base address is the
#     maximum limit for the native heap growth. Please use -XX:HeapBaseMinAddress
#     to set the Java Heap base and to place the Java Heap above 4GB virtual address.
# This output file may be truncated or incomplete.
#
#  Out of Memory Error (allocation.cpp:272), pid=9184, tid=0x00000000000005a4
#
# JRE version: OpenJDK Runtime Environment (8.0_232-b09) (build 1.8.0_232-b09)
# Java VM: OpenJDK 64-Bit Server VM (25.232-b09 mixed mode windows-amd64 compressed oops)
# Failed to write core dump. Minidumps are not enabled by default on client versions of Windows
#

---------------  T H R E A D  ---------------

Current thread (0x0000000018d08800):  JavaThread "C1 CompilerThread2" daemon [_thread_in_native, id=1444, stack(0x0000000019cc0000,0x0000000019dc0000)]

Stack: [0x0000000019cc0000,0x0000000019dc0000]
[error occurred during error reporting (printing stack bounds), id 0xc0000005]

Native frames: (J=compiled Java code, j=interpreted, Vv=VM code, C=native code)


Current CompileTask:
C1:   2239 1903   !   3       java.io.WinNTFileSystem::resolve (362 bytes)


---------------  P R O C E S S  ---------------

Java Threads: ( => current thread )
  0x0000000018d9a000 JavaThread "Service Thread" daemon [_thread_blocked, id=5912, stack(0x0000000019dc0000,0x0000000019ec0000)]
=>0x0000000018d08800 JavaThread "C1 CompilerThread2" daemon [_thread_in_native, id=1444, stack(0x0000000019cc0000,0x0000000019dc0000)]
  0x0000000018d05800 JavaThread "C2 CompilerThread1" daemon [_thread_in_native, id=8048, stack(0x0000000019bc0000,0x0000000019cc0000)]
  0x0000000018d14800 JavaThread "C2 CompilerThread0" daemon [_thread_in_native, id=5388, stack(0x0000000019ac0000,0x0000000019bc0000)]
  0x0000000018d13000 JavaThread "Attach Listener" daemon [_thread_blocked, id=9132, stack(0x00000000199c0000,0x0000000019ac0000)]
  0x0000000018d12000 JavaThread "Signal Dispatcher" daemon [_thread_blocked, id=5384, stack(0x00000000198c0000,0x00000000199c0000)]
  0x00000000181b9800 JavaThread "Finalizer" daemon [_thread_blocked, id=7940, stack(0x00000000197c0000,0x00000000198c0000)]
  0x00000000181b6000 JavaThread "Reference Handler" daemon [_thread_blocked, id=8108, stack(0x00000000196c0000,0x00000000197c0000)]
  0x00000000034e8000 JavaThread "main" [_thread_in_Java, id=2504, stack(0x0000000002fb0000,0x00000000030b0000)]

Other Threads:
  0x00000000180f7000 VMThread [stack: 0x00000000195c0000,0x00000000196c0000] [id=8844]
  0x0000000018dbb800 WatcherThread [stack: 0x0000000019ec0000,0x0000000019fc0000] [id=7964]

VM state:not at safepoint (normal execution)

VM Mutex/Monitor currently owned by a thread: None

heap address: 0x0000000080a00000, size: 2038 MB, Compressed Oops mode: 32-bit
Narrow klass base: 0x0000000000000000, Narrow klass shift: 3
Compressed class space size: 1073741824 Address: 0x0000000100000000

Heap:
 PSYoungGen      total 38400K, used 29136K [0x00000000d5900000, 0x00000000da400000, 0x0000000100000000)
  eden space 33280K, 72% used [0x00000000d5900000,0x00000000d707a5e0,0x00000000d7980000)
  from space 5120K, 99% used [0x00000000d7e80000,0x00000000d8379b80,0x00000000d8380000)
  to   space 5120K, 0% used [0x00000000d7980000,0x00000000d7980000,0x00000000d7e80000)
 ParOldGen       total 87552K, used 2792K [0x0000000080a00000, 0x0000000085f80000, 0x00000000d5900000)
  object space 87552K, 3% used [0x0000000080a00000,0x0000000080cba1d0,0x0000000085f80000)
 Metaspace       used 15580K, capacity 15972K, committed 16256K, reserved 1062912K
  class space    used 1802K, capacity 1917K, committed 1920K, reserved 1048576K

Card table byte_map: [0x0000000012960000,0x0000000012d60000] byte_map_base: 0x000000001255b000

Marking Bits: (ParMarkBitMap*) 0x000000005fe68170
 Begin Bits: [0x0000000013410000, 0x00000000153e8000)
 End Bits:   [0x00000000153e8000, 0x00000000173c0000)

Polling page: 0x00000000017a0000

CodeCache: size=245760Kb used=6371Kb max_used=6384Kb free=239388Kb
 bounds [0x00000000035a0000, 0x0000000003bf0000, 0x00000000125a0000]
 total_blobs=2241 nmethods=1898 adapters=256
 compilation: enabled

Compilation events (250 events):
Event: 2.033 Thread 0x0000000018d08800 1775       1       org.eclipse.aether.artifact.DefaultArtifact::getClassifier (5 bytes)
Event: 2.033 Thread 0x0000000018d08800 nmethod 1775 0x0000000003b88410 code [0x0000000003b88560, 0x0000000003b88670]
Event: 2.035 Thread 0x0000000018d05800 1776       4       java.util.HashMap$HashIterator::nextNode (100 bytes)
Event: 2.035 Thread 0x0000000018d08800 1777       3       java.nio.Buffer::remaining (10 bytes)
Event: 2.035 Thread 0x0000000018d08800 nmethod 1777 0x0000000003b8f650 code [0x0000000003b8f7a0, 0x0000000003b8f8f0]
Event: 2.036 Thread 0x0000000018d08800 1779       3       org.apache.maven.model.Plugin::<init> (21 bytes)
Event: 2.036 Thread 0x0000000018d08800 nmethod 1779 0x0000000003b8f190 code [0x0000000003b8f300, 0x0000000003b8f550]
Event: 2.036 Thread 0x0000000018d08800 1780       3       org.apache.maven.model.Plugin::setArtifactId (6 bytes)
Event: 2.036 Thread 0x0000000018d08800 nmethod 1780 0x0000000003b8bf10 code [0x0000000003b8c060, 0x0000000003b8c1d0]
Event: 2.036 Thread 0x0000000018d08800 1782       1       org.apache.maven.model.Model::getBuild (5 bytes)
Event: 2.037 Thread 0x0000000018d08800 nmethod 1782 0x0000000003b8bc50 code [0x0000000003b8bda0, 0x0000000003b8beb0]
Event: 2.037 Thread 0x0000000018d05800 nmethod 1776 0x0000000003b8a310 code [0x0000000003b8a460, 0x0000000003b8a638]
Event: 2.037 Thread 0x0000000018d05800 1781       4       java.lang.String::trim (77 bytes)
Event: 2.037 Thread 0x0000000018d08800 1783       3       org.apache.maven.model.ConfigurationContainer::isInherited (19 bytes)
Event: 2.038 Thread 0x0000000018d08800 nmethod 1783 0x0000000003b89d50 code [0x0000000003b89ec0, 0x0000000003b8a228]
Event: 2.038 Thread 0x0000000018d08800 1784       3       org.apache.maven.model.merge.MavenModelMerger::getPluginKey (5 bytes)
Event: 2.038 Thread 0x0000000018d08800 nmethod 1784 0x0000000003b8ab50 code [0x0000000003b8ad40, 0x0000000003b8b6d8]
Event: 2.038 Thread 0x0000000018d08800 1785       3       org.apache.maven.model.Plugin::setVersion (6 bytes)
Event: 2.038 Thread 0x0000000018d08800 nmethod 1785 0x0000000003b8a750 code [0x0000000003b8a8a0, 0x0000000003b8aa10]
Event: 2.038 Thread 0x0000000018d08800 1786       3       org.apache.maven.model.Plugin::getDependencies (23 bytes)
Event: 2.038 Thread 0x0000000018d08800 nmethod 1786 0x0000000003b896d0 code [0x0000000003b89840, 0x0000000003b89bd0]
Event: 2.038 Thread 0x0000000018d08800 1788   !   3       org.codehaus.plexus.interpolation.reflection.ClassMap::findMethod (107 bytes)
Event: 2.039 Thread 0x0000000018d08800 nmethod 1788 0x0000000003b91490 code [0x0000000003b91660, 0x0000000003b91db8]
Event: 2.039 Thread 0x0000000018d08800 1789       3       org.codehaus.plexus.interpolation.reflection.ClassMap::makeMethodKey (75 bytes)
Event: 2.039 Thread 0x0000000018d08800 nmethod 1789 0x0000000003b92050 code [0x0000000003b92240, 0x0000000003b92cb8]
Event: 2.039 Thread 0x0000000018d08800 1792   !   3       org.codehaus.plexus.interpolation.StringSearchInterpolator::interpolate (655 bytes)
Event: 2.042 Thread 0x0000000018d08800 nmethod 1792 0x0000000003b93190 code [0x0000000003b93760, 0x0000000003b97ad8]
Event: 2.042 Thread 0x0000000018d08800 1790  s    3       java.util.Vector::elementAt (48 bytes)
Event: 2.043 Thread 0x0000000018d08800 nmethod 1790 0x0000000003b9a690 code [0x0000000003b9a8a0, 0x0000000003b9b448]
Event: 2.043 Thread 0x0000000018d08800 1793       3       java.util.StringTokenizer::<init> (8 bytes)
Event: 2.043 Thread 0x0000000018d08800 nmethod 1793 0x0000000003b91110 code [0x0000000003b91280, 0x0000000003b91408]
Event: 2.043 Thread 0x0000000018d08800 1794  s    3       java.util.Stack::peek (25 bytes)
Event: 2.043 Thread 0x0000000018d08800 nmethod 1794 0x0000000003b90790 code [0x0000000003b90920, 0x0000000003b90f58]
Event: 2.044 Thread 0x0000000018d05800 nmethod 1781 0x0000000003b9eb90 code [0x0000000003b9ed00, 0x0000000003b9f258]
Event: 2.044 Thread 0x0000000018d05800 1787       4       java.lang.reflect.Field::get (51 bytes)
Event: 2.047 Thread 0x0000000018d05800 nmethod 1787 0x0000000003b9f690 code [0x0000000003b9f800, 0x0000000003b9fa28]
Event: 2.047 Thread 0x0000000018d05800 1791   !   4       org.apache.maven.model.interpolation.StringSearchModelInterpolator$InterpolateObjectAction$CacheField::interpolate (237 bytes)
Event: 2.049 Thread 0x0000000018d08800 1797       1       org.eclipse.aether.artifact.DefaultArtifact::getFile (5 bytes)
Event: 2.050 Thread 0x0000000018d08800 nmethod 1797 0x0000000003b9e8d0 code [0x0000000003b9ea20, 0x0000000003b9eb30]
Event: 2.051 Thread 0x0000000018d05800 nmethod 1791 0x0000000003b9c950 code [0x0000000003b9cac0, 0x0000000003b9d008]
Event: 2.051 Thread 0x0000000018d05800 1795       4       sun.reflect.UnsafeQualifiedStaticObjectFieldAccessorImpl::get (15 bytes)
Event: 2.051 Thread 0x0000000018d05800 nmethod 1795 0x0000000003b8ef90 code [0x0000000003b8f0c0, 0x0000000003b8f138]
Event: 2.051 Thread 0x0000000018d05800 1778       4       org.apache.maven.model.io.xpp3.MavenXpp3Reader::checkFieldWithDuplicate (75 bytes)
Event: 2.057 Thread 0x0000000018d08800 1799       3       org.eclipse.sisu.inject.MildKeys$Weak::equals (40 bytes)
Event: 2.057 Thread 0x0000000018d08800 nmethod 1799 0x0000000003b9c110 code [0x0000000003b9c2a0, 0x0000000003b9c848]
Event: 2.074 Thread 0x0000000018d08800 1800       3       org.eclipse.sisu.wire.EntryListAdapter$ValueIterator::hasNext (10 bytes)
Event: 2.074 Thread 0x0000000018d08800 nmethod 1800 0x0000000003b9bcd0 code [0x0000000003b9be40, 0x0000000003b9c068]
Event: 2.074 Thread 0x0000000018d08800 1802       3       java.util.ArrayList::<init> (67 bytes)
Event: 2.074 Thread 0x0000000018d08800 nmethod 1802 0x0000000003b9e010 code [0x0000000003b9e1c0, 0x0000000003b9e6f8]
Event: 2.074 Thread 0x0000000018d08800 1801       3       org.apache.maven.model.Plugin::getExecutions (23 bytes)
Event: 2.074 Thread 0x0000000018d08800 nmethod 1801 0x0000000003b9d990 code [0x0000000003b9db00, 0x0000000003b9de90]
Event: 2.074 Thread 0x0000000018d08800 1803       1       org.apache.maven.model.RepositoryBase::getId (5 bytes)
Event: 2.074 Thread 0x0000000018d08800 nmethod 1803 0x0000000003b9ba10 code [0x0000000003b9bb60, 0x0000000003b9bc70]
Event: 2.075 Thread 0x0000000018d08800 1805       3       java.util.Stack::push (7 bytes)
Event: 2.075 Thread 0x0000000018d08800 nmethod 1805 0x0000000003b9d550 code [0x0000000003b9d6c0, 0x0000000003b9d8e8]
Event: 2.075 Thread 0x0000000018d08800 1807   !   3       org.codehaus.plexus.interpolation.ObjectBasedValueSource::getValue (66 bytes)
Event: 2.076 Thread 0x0000000018d08800 nmethod 1807 0x0000000003b9fe90 code [0x0000000003ba0100, 0x0000000003ba11f8]
Event: 2.078 Thread 0x0000000018d08800 1808       1       java.util.Collections$1::hasNext (5 bytes)
Event: 2.078 Thread 0x0000000018d08800 nmethod 1808 0x0000000003ba1950 code [0x0000000003ba1aa0, 0x0000000003ba1bb0]
Event: 2.078 Thread 0x0000000018d08800 1809       1       org.apache.maven.model.Dependency::getScope (5 bytes)
Event: 2.078 Thread 0x0000000018d08800 nmethod 1809 0x0000000003ba1c10 code [0x0000000003ba1d60, 0x0000000003ba1e70]
Event: 2.078 Thread 0x0000000018d08800 1810       3       java.util.regex.Matcher::matches (10 bytes)
Event: 2.078 Thread 0x0000000018d08800 nmethod 1810 0x0000000003ba1ed0 code [0x0000000003ba2040, 0x0000000003ba2248]
Event: 2.078 Thread 0x0000000018d08800 1811       3       org.apache.maven.model.validation.DefaultModelValidator::validateStringNotEmpty (46 bytes)
Event: 2.078 Thread 0x0000000018d08800 nmethod 1811 0x0000000003ba22d0 code [0x0000000003ba2460, 0x0000000003ba2918]
Event: 2.078 Thread 0x0000000018d08800 1812       3       org.apache.maven.model.validation.DefaultModelValidator::validateNotNull (23 bytes)
Event: 2.079 Thread 0x0000000018d08800 nmethod 1812 0x0000000003ba2b10 code [0x0000000003ba2c80, 0x0000000003ba2e88]
Event: 2.079 Thread 0x0000000018d08800 1814       1       org.apache.maven.model.Dependency::getGroupId (5 bytes)
Event: 2.079 Thread 0x0000000018d08800 nmethod 1814 0x0000000003ba2f50 code [0x0000000003ba30a0, 0x0000000003ba31b0]
Event: 2.079 Thread 0x0000000018d08800 1815       1       org.apache.maven.model.Dependency::getArtifactId (5 bytes)
Event: 2.079 Thread 0x0000000018d08800 nmethod 1815 0x0000000003ba3210 code [0x0000000003ba3360, 0x0000000003ba3470]
Event: 2.079 Thread 0x0000000018d08800 1816       1       org.apache.maven.model.Dependency::getType (5 bytes)
Event: 2.079 Thread 0x0000000018d08800 nmethod 1816 0x0000000003ba34d0 code [0x0000000003ba3620, 0x0000000003ba3730]
Event: 2.079 Thread 0x0000000018d08800 1818       1       org.eclipse.aether.repository.RemoteRepository::getId (5 bytes)
Event: 2.079 Thread 0x0000000018d08800 nmethod 1818 0x0000000003ba3790 code [0x0000000003ba38e0, 0x0000000003ba39f0]
Event: 2.079 Thread 0x0000000018d08800 1817       1       org.apache.maven.model.Dependency::getSystemPath (5 bytes)
Event: 2.079 Thread 0x0000000018d08800 nmethod 1817 0x0000000003ba3a50 code [0x0000000003ba3ba0, 0x0000000003ba3cb0]
Event: 2.079 Thread 0x0000000018d08800 1819       3       java.io.WinNTFileSystem::parentOrNull (171 bytes)
Event: 2.080 Thread 0x0000000018d08800 nmethod 1819 0x0000000003ba3d10 code [0x0000000003ba3f40, 0x0000000003ba4d98]
Event: 2.084 Thread 0x0000000018d08800 1820       1       java.nio.channels.spi.AbstractInterruptibleChannel::isOpen (5 bytes)
Event: 2.084 Thread 0x0000000018d08800 nmethod 1820 0x0000000003ba5350 code [0x0000000003ba54a0, 0x0000000003ba55b0]
Event: 2.086 Thread 0x0000000018d08800 1821       3       org.apache.maven.model.merge.ModelMerger::mergeConfigurationContainer (19 bytes)
Event: 2.087 Thread 0x0000000018d08800 nmethod 1821 0x0000000003ba5610 code [0x0000000003ba5780, 0x0000000003ba5a78]
Event: 2.087 Thread 0x0000000018d08800 1822       3       org.apache.maven.model.merge.ModelMerger::mergeConfigurationContainer_Inherited (43 bytes)
Event: 2.087 Thread 0x0000000018d08800 nmethod 1822 0x0000000003ba5b50 code [0x0000000003ba5d40, 0x0000000003ba68b8]
Event: 2.087 Thread 0x0000000018d08800 1824       3       org.apache.maven.model.Dependency::getManagementKey (94 bytes)
Event: 2.088 Thread 0x0000000018d08800 nmethod 1824 0x0000000003baaf90 code [0x0000000003bab220, 0x0000000003bac438]
Event: 2.088 Thread 0x0000000018d08800 1823       1       org.apache.maven.model.building.ModelData::getModel (5 bytes)
Event: 2.088 Thread 0x0000000018d08800 nmethod 1823 0x0000000003bacb10 code [0x0000000003bacc60, 0x0000000003bacd70]
Event: 2.088 Thread 0x0000000018d08800 1825       3       java.util.LinkedHashMap::<init> (11 bytes)
Event: 2.088 Thread 0x0000000018d08800 nmethod 1825 0x0000000003bacdd0 code [0x0000000003bacf60, 0x0000000003bad168]
Event: 2.088 Thread 0x0000000018d08800 1826       3       org.codehaus.plexus.interpolation.PrefixedValueSourceWrapper::getValue (39 bytes)
Event: 2.089 Thread 0x0000000018d08800 nmethod 1826 0x0000000003bad250 code [0x0000000003bad3c0, 0x0000000003bad698]
Event: 2.089 Thread 0x0000000018d08800 1828  s    3       java.util.Vector::indexOf (67 bytes)
Event: 2.089 Thread 0x0000000018d05800 nmethod 1778 0x0000000003bad790 code [0x0000000003bad9c0, 0x0000000003baef60]
Event: 2.089 Thread 0x0000000018d05800 1798       4       org.codehaus.plexus.util.xml.pull.MXParser::parseStartTag (1195 bytes)
Event: 2.089 Thread 0x0000000018d08800 nmethod 1828 0x0000000003baa490 code [0x0000000003baa640, 0x0000000003baace8]
Event: 2.089 Thread 0x0000000018d08800 1830       3       java.lang.reflect.Field::set (52 bytes)
Event: 2.089 Thread 0x0000000018d08800 nmethod 1830 0x0000000003ba9a50 code [0x0000000003ba9c20, 0x0000000003baa268]
Event: 2.089 Thread 0x0000000018d08800 1827       3       java.util.Vector::contains (15 bytes)
Event: 2.090 Thread 0x0000000018d08800 nmethod 1827 0x0000000003ba95d0 code [0x0000000003ba9740, 0x0000000003ba99a8]
Event: 2.090 Thread 0x0000000018d08800 1829       3       org.codehaus.plexus.interpolation.PrefixAwareRecursionInterceptor::hasRecursiveExpression (34 bytes)
Event: 2.090 Thread 0x0000000018d08800 nmethod 1829 0x0000000003ba8ed0 code [0x0000000003ba9060, 0x0000000003ba9498]
Event: 2.090 Thread 0x0000000018d08800 1831       1       org.apache.maven.model.Dependency::getVersion (5 bytes)
Event: 2.090 Thread 0x0000000018d08800 nmethod 1831 0x0000000003ba8c10 code [0x0000000003ba8d60, 0x0000000003ba8e70]
Event: 2.090 Thread 0x0000000018d08800 1834   !   3       java.util.regex.Pattern::matcher (44 bytes)
Event: 2.090 Thread 0x0000000018d08800 nmethod 1834 0x0000000003ba8510 code [0x0000000003ba86a0, 0x0000000003ba8af8]
Event: 2.090 Thread 0x0000000018d08800 1835       3       java.util.regex.Matcher::<init> (84 bytes)
Event: 2.091 Thread 0x0000000018d08800 nmethod 1835 0x0000000003ba7d50 code [0x0000000003ba7ee0, 0x0000000003ba83a8]
Event: 2.091 Thread 0x0000000018d08800 1836       1       org.apache.maven.model.Dependency::getClassifier (5 bytes)
Event: 2.091 Thread 0x0000000018d08800 nmethod 1836 0x0000000003ba7a90 code [0x0000000003ba7be0, 0x0000000003ba7cf0]
Event: 2.091 Thread 0x0000000018d08800 1837       3       org.apache.maven.model.Dependency::getExclusions (23 bytes)
Event: 2.091 Thread 0x0000000018d08800 nmethod 1837 0x0000000003ba7410 code [0x0000000003ba7580, 0x0000000003ba7910]
Event: 2.099 Thread 0x0000000018d08800 1838       3       org.codehaus.plexus.util.xml.pull.MXParser::skipS (18 bytes)
Event: 2.099 Thread 0x0000000018d08800 nmethod 1838 0x0000000003ba6d90 code [0x0000000003ba6f20, 0x0000000003ba72e8]
Event: 2.099 Thread 0x0000000018d08800 1840       2       org.apache.maven.model.io.xpp3.MavenXpp3Reader::checkFieldWithDuplicate (75 bytes)
Event: 2.100 Thread 0x0000000018d08800 nmethod 1840 0x0000000003bb02d0 code [0x0000000003bb04c0, 0x0000000003bb0a78]
Event: 2.100 Thread 0x0000000018d08800 1839   !   3       org.codehaus.plexus.util.xml.pull.MXParser::parseComment (486 bytes)
Event: 2.101 Thread 0x0000000018d08800 nmethod 1839 0x0000000003bb0f10 code [0x0000000003bb12c0, 0x0000000003bb31c8]
Event: 2.101 Thread 0x0000000018d08800 1842       3       java.util.regex.Pattern$Branch::match (66 bytes)
Event: 2.102 Thread 0x0000000018d08800 nmethod 1842 0x0000000003bb44d0 code [0x0000000003bb4660, 0x0000000003bb4b38]
Event: 2.102 Thread 0x0000000018d08800 1841       3       org.eclipse.sisu.wire.EntryListAdapter$ValueIterator::next (18 bytes)
Event: 2.102 Thread 0x0000000018d08800 nmethod 1841 0x0000000003bb4d50 code [0x0000000003bb4ee0, 0x0000000003bb52b8]
Event: 2.102 Thread 0x0000000018d08800 1843       3       java.util.WeakHashMap::get (77 bytes)
Event: 2.103 Thread 0x0000000018d08800 nmethod 1843 0x0000000003bb53d0 code [0x0000000003bb55a0, 0x0000000003bb5e28]
Event: 2.103 Thread 0x0000000018d08800 1844       3       org.codehaus.plexus.interpolation.PrefixedValueSourceWrapper::clearFeedback (10 bytes)
Event: 2.103 Thread 0x0000000018d08800 nmethod 1844 0x0000000003bb6190 code [0x0000000003bb6300, 0x0000000003bb6528]
Event: 2.103 Thread 0x0000000018d08800 1845       1       org.apache.maven.model.Model::getArtifactId (5 bytes)
Event: 2.103 Thread 0x0000000018d08800 nmethod 1845 0x0000000003bb65d0 code [0x0000000003bb6720, 0x0000000003bb6830]
Event: 2.103 Thread 0x0000000018d08800 1846       3       java.util.regex.Pattern$LastNode::match (45 bytes)
Event: 2.103 Thread 0x0000000018d08800 nmethod 1846 0x0000000003bb6890 code [0x0000000003bb6a00, 0x0000000003bb6c30]
Event: 2.103 Thread 0x0000000018d08800 1847       3       org.apache.maven.model.validation.DefaultModelValidator::validateId (79 bytes)
Event: 2.104 Thread 0x0000000018d08800 nmethod 1847 0x0000000003bb6d50 code [0x0000000003bb6f80, 0x0000000003bb7bb8]
Event: 2.104 Thread 0x0000000018d08800 1848       1       org.eclipse.aether.artifact.DefaultArtifactType::getClassifier (5 bytes)
Event: 2.104 Thread 0x0000000018d08800 nmethod 1848 0x0000000003bb8210 code [0x0000000003bb8360, 0x0000000003bb8470]
Event: 2.104 Thread 0x0000000018d08800 1849       1       org.eclipse.aether.artifact.DefaultArtifactType::getProperties (5 bytes)
Event: 2.104 Thread 0x0000000018d08800 nmethod 1849 0x0000000003bb84d0 code [0x0000000003bb8620, 0x0000000003bb8730]
Event: 2.104 Thread 0x0000000018d08800 1850       1       org.eclipse.aether.artifact.DefaultArtifactType::getExtension (5 bytes)
Event: 2.104 Thread 0x0000000018d08800 nmethod 1850 0x0000000003bb8790 code [0x0000000003bb88e0, 0x0000000003bb89f0]
Event: 2.104 Thread 0x0000000018d08800 1851       1       org.eclipse.aether.graph.Dependency::getArtifact (5 bytes)
Event: 2.104 Thread 0x0000000018d08800 nmethod 1851 0x0000000003bb8a50 code [0x0000000003bb8ba0, 0x0000000003bb8cb0]
Event: 2.104 Thread 0x0000000018d08800 1852       1       java.util.Collections$EmptyList::isEmpty (2 bytes)
Event: 2.104 Thread 0x0000000018d08800 nmethod 1852 0x0000000003bb8d10 code [0x0000000003bb8e60, 0x0000000003bb8f70]
Event: 2.105 Thread 0x0000000018d08800 1853       3       java.util.Collections::unmodifiableMap (9 bytes)
Event: 2.105 Thread 0x0000000018d08800 nmethod 1853 0x0000000003bb8fd0 code [0x0000000003bb9160, 0x0000000003bb94c8]
Event: 2.106 Thread 0x0000000018d08800 1854       3       java.util.Collections$UnmodifiableMap::<init> (22 bytes)
Event: 2.106 Thread 0x0000000018d08800 nmethod 1854 0x0000000003bb9650 code [0x0000000003bb97c0, 0x0000000003bb9a88]
Event: 2.115 Thread 0x0000000018d08800 1855       3       java.nio.charset.Charset::atBugLevel (44 bytes)
Event: 2.116 Thread 0x0000000018d08800 nmethod 1855 0x0000000003bb9b90 code [0x0000000003bb9d40, 0x0000000003bba2d8]
Event: 2.119 Thread 0x0000000018d08800 1856       1       org.apache.maven.model.Model::getVersion (5 bytes)
Event: 2.119 Thread 0x0000000018d08800 nmethod 1856 0x0000000003bba490 code [0x0000000003bba5e0, 0x0000000003bba6f0]
Event: 2.119 Thread 0x0000000018d08800 1857       3       org.apache.maven.model.inheritance.DefaultInheritanceAssembler$InheritanceModelMerger::mergePlugin (71 bytes)
Event: 2.120 Thread 0x0000000018d08800 nmethod 1857 0x0000000003bba750 code [0x0000000003bba940, 0x0000000003bbb528]
Event: 2.120 Thread 0x0000000018d08800 1858       3       org.apache.maven.model.merge.MavenModelMerger::mergePlugin_Executions (235 bytes)
Event: 2.122 Thread 0x0000000018d08800 nmethod 1858 0x0000000003bbb890 code [0x0000000003bbbce0, 0x0000000003bbe868]
Event: 2.122 Thread 0x0000000018d08800 1861       3       java.lang.Character::toTitleCase (6 bytes)
Event: 2.122 Thread 0x0000000018d08800 nmethod 1861 0x0000000003bbffd0 code [0x0000000003bc0140, 0x0000000003bc03d8]
Event: 2.122 Thread 0x0000000018d08800 1862       3       java.lang.Character::toTitleCase (9 bytes)
Event: 2.122 Thread 0x0000000018d08800 nmethod 1862 0x0000000003bc0510 code [0x0000000003bc0680, 0x0000000003bc08b8]
Event: 2.122 Thread 0x0000000018d08800 1863       3       java.lang.CharacterDataLatin1::toTitleCase (6 bytes)
Event: 2.122 Thread 0x0000000018d08800 nmethod 1863 0x0000000003bc0990 code [0x0000000003bc0b00, 0x0000000003bc0ca8]
Event: 2.122 Thread 0x0000000018d08800 1864       1       sun.reflect.ClassFileAssembler::getStack (5 bytes)
Event: 2.122 Thread 0x0000000018d08800 nmethod 1864 0x0000000003bc0d50 code [0x0000000003bc0ea0, 0x0000000003bc0fb0]
Event: 2.122 Thread 0x0000000018d08800 1859       1       org.apache.maven.model.Model::getParent (5 bytes)
Event: 2.122 Thread 0x0000000018d08800 nmethod 1859 0x0000000003bc1010 code [0x0000000003bc1160, 0x0000000003bc1270]
Event: 2.122 Thread 0x0000000018d08800 1860       1       org.apache.maven.model.Model::getGroupId (5 bytes)
Event: 2.122 Thread 0x0000000018d08800 nmethod 1860 0x0000000003bc12d0 code [0x0000000003bc1420, 0x0000000003bc1530]
Event: 2.131 Thread 0x0000000018d08800 1866       3       java.lang.StringBuilder::append (8 bytes)
Event: 2.131 Thread 0x0000000018d08800 nmethod 1866 0x0000000003bc1590 code [0x0000000003bc1700, 0x0000000003bc1888]
Event: 2.133 Thread 0x0000000018d08800 1867       3       java.lang.AbstractStringBuilder::append (62 bytes)
Event: 2.134 Thread 0x0000000018d08800 nmethod 1867 0x0000000003bc1910 code [0x0000000003bc1b00, 0x0000000003bc2438]
Event: 2.149 Thread 0x0000000018d05800 nmethod 1798 0x0000000003bc7610 code [0x0000000003bc7880, 0x0000000003bc9890]
Event: 2.149 Thread 0x0000000018d05800 1813       4       java.util.regex.Pattern$5::isSatisfiedBy (28 bytes)
Event: 2.151 Thread 0x0000000018d08800 1868  s    3       java.util.Hashtable::putAll (52 bytes)
Event: 2.151 Thread 0x0000000018d08800 nmethod 1868 0x0000000003bc6750 code [0x0000000003bc6940, 0x0000000003bc72e8]
Event: 2.151 Thread 0x0000000018d08800 1869       3       java.lang.Math::min (46 bytes)
Event: 2.151 Thread 0x0000000018d08800 nmethod 1869 0x0000000003bc6210 code [0x0000000003bc6380, 0x0000000003bc66d0]
Event: 2.152 Thread 0x0000000018d05800 nmethod 1813 0x0000000003bc2a90 code [0x0000000003bc2c20, 0x0000000003bc2f68]
Event: 2.152 Thread 0x0000000018d05800 1832       4       java.util.regex.Pattern$CharProperty::match (56 bytes)
Event: 2.153 Thread 0x0000000018d08800 1870       1       org.eclipse.aether.artifact.DefaultArtifact::getProperties (5 bytes)
Event: 2.153 Thread 0x0000000018d08800 nmethod 1870 0x0000000003bc5f50 code [0x0000000003bc60a0, 0x0000000003bc61b0]
Event: 2.156 Thread 0x0000000018d05800 nmethod 1832 0x0000000003bc39d0 code [0x0000000003bc3b60, 0x0000000003bc3fc8]
Event: 2.156 Thread 0x0000000018d05800 1796       4       java.util.AbstractList::<init> (10 bytes)
Event: 2.157 Thread 0x0000000018d05800 nmethod 1796 0x0000000003bcb890 code [0x0000000003bcb9c0, 0x0000000003bcba18]
Event: 2.157 Thread 0x0000000018d05800 1804       4       java.util.ArrayList::<init> (12 bytes)
Event: 2.157 Thread 0x0000000018d05800 nmethod 1804 0x0000000003bcb610 code [0x0000000003bcb740, 0x0000000003bcb7b8]
Event: 2.157 Thread 0x0000000018d05800 1833       4       java.lang.Character::codePointAt (51 bytes)
Event: 2.159 Thread 0x0000000018d05800 nmethod 1833 0x0000000003bc33d0 code [0x0000000003bc3520, 0x0000000003bc36d8]
Event: 2.159 Thread 0x0000000018d05800 1872       4       java.util.regex.Pattern$BitClass::isSatisfiedBy (22 bytes)
Event: 2.159 Thread 0x0000000018d05800 nmethod 1872 0x0000000003bcced0 code [0x0000000003bcd000, 0x0000000003bcd0b8]
Event: 2.159 Thread 0x0000000018d05800 1806       4       java.lang.Character::charCount (12 bytes)
Event: 2.160 Thread 0x0000000018d05800 nmethod 1806 0x0000000003bcccd0 code [0x0000000003bcce00, 0x0000000003bcce58]
Event: 2.160 Thread 0x0000000018d05800 1873       4       java.lang.Object::equals (11 bytes)
Event: 2.160 Thread 0x0000000018d08800 1874  s    3       java.util.Stack::pop (19 bytes)
Event: 2.160 Thread 0x0000000018d05800 nmethod 1873 0x0000000003bccad0 code [0x0000000003bccc00, 0x0000000003bccc78]
Event: 2.160 Thread 0x0000000018d05800 1865       4       java.util.regex.Pattern$1::isSatisfiedBy (13 bytes)
Event: 2.160 Thread 0x0000000018d08800 nmethod 1874 0x0000000003bc4e50 code [0x0000000003bc5000, 0x0000000003bc5b68]
Event: 2.160 Thread 0x0000000018d08800 1875  s    3       java.util.Vector::removeElementAt (115 bytes)
Event: 2.160 Thread 0x0000000018d05800 nmethod 1865 0x0000000003bcd190 code [0x0000000003bcd2c0, 0x0000000003bcd338]
Event: 2.161 Thread 0x0000000018d08800 nmethod 1875 0x0000000003bcea10 code [0x0000000003bcec40, 0x0000000003bcfa68]
Event: 2.161 Thread 0x0000000018d08800 1876       1       org.apache.maven.model.RepositoryBase::getLayout (5 bytes)
Event: 2.161 Thread 0x0000000018d08800 nmethod 1876 0x0000000003bc4b90 code [0x0000000003bc4ce0, 0x0000000003bc4df0]
Event: 2.161 Thread 0x0000000018d08800 1877       3       org.apache.commons.lang3.Validate::notNull (19 bytes)
Event: 2.162 Thread 0x0000000018d08800 nmethod 1877 0x0000000003bcc610 code [0x0000000003bcc780, 0x0000000003bcc9d8]
Event: 2.162 Thread 0x0000000018d08800 1878       1       org.apache.maven.model.RepositoryBase::getUrl (5 bytes)
Event: 2.162 Thread 0x0000000018d08800 nmethod 1878 0x0000000003bcc350 code [0x0000000003bcc4a0, 0x0000000003bcc5b0]
Event: 2.170 Thread 0x0000000018d08800 1879       1       org.eclipse.aether.repository.RemoteRepository::isRepositoryManager (5 bytes)
Event: 2.170 Thread 0x0000000018d08800 nmethod 1879 0x0000000003bcc090 code [0x0000000003bcc1e0, 0x0000000003bcc2f0]
Event: 2.173 Thread 0x0000000018d08800 1880       1       org.apache.maven.model.Parent::getGroupId (5 bytes)
Event: 2.173 Thread 0x0000000018d08800 nmethod 1880 0x0000000003bcbdd0 code [0x0000000003bcbf20, 0x0000000003bcc030]
Event: 2.174 Thread 0x0000000018d05800 1881       4       org.apache.maven.model.io.xpp3.MavenXpp3Reader::checkFieldWithDuplicate (75 bytes)
Event: 2.174 Thread 0x0000000018d08800 1882   !   3       org.apache.maven.model.Contributor::clone (126 bytes)
Event: 2.175 Thread 0x0000000018d08800 nmethod 1882 0x0000000003bd00d0 code [0x0000000003bd0380, 0x0000000003bd1858]
Event: 2.177 Thread 0x0000000018d08800 1883   !   3       org.apache.maven.model.Developer::clone (51 bytes)
Event: 2.177 Thread 0x0000000018d08800 nmethod 1883 0x0000000003bcd690 code [0x0000000003bcd8c0, 0x0000000003bce528]
Event: 2.178 Thread 0x0000000018d08800 1884       3       java.util.Collections$UnmodifiableCollection::size (10 bytes)
Event: 2.178 Thread 0x0000000018d08800 nmethod 1884 0x0000000003bd2210 code [0x0000000003bd2380, 0x0000000003bd25a8]
Event: 2.179 Thread 0x0000000018d08800 1885       3       java.util.StringTokenizer::<init> (52 bytes)
Event: 2.179 Thread 0x0000000018d08800 nmethod 1885 0x0000000003bd2650 code [0x0000000003bd27c0, 0x0000000003bd2ae8]
Event: 2.179 Thread 0x0000000018d08800 1886       3       org.codehaus.plexus.interpolation.reflection.ReflectionValueExtractor::evaluate (163 bytes)
Event: 2.180 Thread 0x0000000018d08800 nmethod 1886 0x0000000003bd2c50 code [0x0000000003bd2f60, 0x0000000003bd4538]
Event: 2.213 Thread 0x0000000018d05800 nmethod 1881 0x0000000003bd91d0 code [0x0000000003bd9400, 0x0000000003bda900]
Event: 2.213 Thread 0x0000000018d05800 1887       4       sun.reflect.UnsafeObjectFieldAccessorImpl::get (17 bytes)
Event: 2.214 Thread 0x0000000018d05800 nmethod 1887 0x0000000003bd6110 code [0x0000000003bd6260, 0x0000000003bd6378]
Event: 2.214 Thread 0x0000000018d05800 1888       4       java.util.HashMap$EntryIterator::next (5 bytes)
Event: 2.217 Thread 0x0000000018d05800 nmethod 1888 0x0000000003bd5c50 code [0x0000000003bd5da0, 0x0000000003bd5f78]
Event: 2.218 Thread 0x0000000018d08800 1889       1       org.apache.maven.model.Profile::getId (5 bytes)
Event: 2.219 Thread 0x0000000018d08800 nmethod 1889 0x0000000003bcba90 code [0x0000000003bcbbe0, 0x0000000003bcbcf0]
Event: 2.219 Thread 0x0000000018d08800 1890       3       java.util.HashMap$KeyIterator::next (8 bytes)
Event: 2.219 Thread 0x0000000018d08800 nmethod 1890 0x0000000003bd5810 code [0x0000000003bd5980, 0x0000000003bd5b88]
Event: 2.220 Thread 0x0000000018d08800 1891       1       org.apache.maven.model.BuildBase::getDirectory (5 bytes)
Event: 2.220 Thread 0x0000000018d08800 nmethod 1891 0x0000000003bd5550 code [0x0000000003bd56a0, 0x0000000003bd57b0]
Event: 2.220 Thread 0x0000000018d05800 1892       4       org.apache.maven.model.interpolation.StringSearchModelInterpolator$InterpolateObjectAction$StringField::doInterpolate (44 bytes)
Event: 2.220 Thread 0x0000000018d08800 1895       3       org.codehaus.plexus.interpolation.PrefixAwareRecursionInterceptor::expressionResolutionStarted (23 bytes)
Event: 2.221 Thread 0x0000000018d08800 nmethod 1895 0x0000000003bdcf90 code [0x0000000003bdd100, 0x0000000003bdd3d8]
Event: 2.221 Thread 0x0000000018d08800 1896       3       org.codehaus.plexus.interpolation.PrefixAwareRecursionInterceptor::expressionResolutionFinished (9 bytes)
Event: 2.221 Thread 0x0000000018d08800 nmethod 1896 0x0000000003bd7e10 code [0x0000000003bd7fe0, 0x0000000003bd8c28]
Event: 2.221 Thread 0x0000000018d08800 1897       3       org.codehaus.plexus.interpolation.AbstractDelegatingValueSource::getValue (11 bytes)
Event: 2.221 Thread 0x0000000018d08800 nmethod 1897 0x0000000003bd5050 code [0x0000000003bd51c0, 0x0000000003bd5468]
Event: 2.221 Thread 0x0000000018d08800 1899       1       java.util.Collections::emptyList (4 bytes)
Event: 2.221 Thread 0x0000000018d08800 nmethod 1899 0x0000000003bdcd10 code [0x0000000003bdce60, 0x0000000003bdcf50]
Event: 2.221 Thread 0x0000000018d08800 1900       1       org.eclipse.aether.repository.RemoteRepository::getUrl (5 bytes)
Event: 2.221 Thread 0x0000000018d08800 nmethod 1900 0x0000000003bdca50 code [0x0000000003bdcba0, 0x0000000003bdccb0]
Event: 2.224 Thread 0x0000000018d08800 1901       3       sun.reflect.ClassFileAssembler::incStack (11 bytes)
Event: 2.224 Thread 0x0000000018d08800 nmethod 1901 0x0000000003bdc610 code [0x0000000003bdc780, 0x0000000003bdc990]
Event: 2.225 Thread 0x0000000018d08800 1902       3       org.eclipse.aether.repository.RemoteRepository::hash (13 bytes)
Event: 2.225 Thread 0x0000000018d08800 nmethod 1902 0x0000000003bdc190 code [0x0000000003bdc300, 0x0000000003bdc548]
Event: 2.228 Thread 0x0000000018d05800 nmethod 1892 0x0000000003bdf350 code [0x0000000003bdf520, 0x0000000003bdfc50]
Event: 2.228 Thread 0x0000000018d05800 1893   !   4       org.apache.maven.model.interpolation.AbstractStringBasedModelInterpolator::interpolateInternal (372 bytes)
Event: 2.232 Thread 0x0000000018d08800 1903   !   3       java.io.WinNTFileSystem::resolve (362 bytes)

GC Heap History (4 events):
Event: 0.805 GC heap before
{Heap before GC invocations=1 (full 0):
 PSYoungGen      total 38400K, used 33280K [0x00000000d5900000, 0x00000000d8380000, 0x0000000100000000)
  eden space 33280K, 100% used [0x00000000d5900000,0x00000000d7980000,0x00000000d7980000)
  from space 5120K, 0% used [0x00000000d7e80000,0x00000000d7e80000,0x00000000d8380000)
  to   space 5120K, 0% used [0x00000000d7980000,0x00000000d7980000,0x00000000d7e80000)
 ParOldGen       total 87552K, used 0K [0x0000000080a00000, 0x0000000085f80000, 0x00000000d5900000)
  object space 87552K, 0% used [0x0000000080a00000,0x0000000080a00000,0x0000000085f80000)
 Metaspace       used 8520K, capacity 8776K, committed 9088K, reserved 1056768K
  class space    used 971K, capacity 1052K, committed 1152K, reserved 1048576K
Event: 0.813 GC heap after
Heap after GC invocations=1 (full 0):
 PSYoungGen      total 38400K, used 5112K [0x00000000d5900000, 0x00000000d8380000, 0x0000000100000000)
  eden space 33280K, 0% used [0x00000000d5900000,0x00000000d5900000,0x00000000d7980000)
  from space 5120K, 99% used [0x00000000d7980000,0x00000000d7e7e320,0x00000000d7e80000)
  to   space 5120K, 0% used [0x00000000d7e80000,0x00000000d7e80000,0x00000000d8380000)
 ParOldGen       total 87552K, used 8K [0x0000000080a00000, 0x0000000085f80000, 0x00000000d5900000)
  object space 87552K, 0% used [0x0000000080a00000,0x0000000080a02000,0x0000000085f80000)
 Metaspace       used 8520K, capacity 8776K, committed 9088K, reserved 1056768K
  class space    used 971K, capacity 1052K, committed 1152K, reserved 1048576K
}
Event: 1.440 GC heap before
{Heap before GC invocations=2 (full 0):
 PSYoungGen      total 38400K, used 38392K [0x00000000d5900000, 0x00000000d8380000, 0x0000000100000000)
  eden space 33280K, 100% used [0x00000000d5900000,0x00000000d7980000,0x00000000d7980000)
  from space 5120K, 99% used [0x00000000d7980000,0x00000000d7e7e320,0x00000000d7e80000)
  to   space 5120K, 0% used [0x00000000d7e80000,0x00000000d7e80000,0x00000000d8380000)
 ParOldGen       total 87552K, used 8K [0x0000000080a00000, 0x0000000085f80000, 0x00000000d5900000)
  object space 87552K, 0% used [0x0000000080a00000,0x0000000080a02000,0x0000000085f80000)
 Metaspace       used 12659K, capacity 12904K, committed 13184K, reserved 1060864K
  class space    used 1513K, capacity 1611K, committed 1664K, reserved 1048576K
Event: 1.451 GC heap after
Heap after GC invocations=2 (full 0):
 PSYoungGen      total 38400K, used 5094K [0x00000000d5900000, 0x00000000da400000, 0x0000000100000000)
  eden space 33280K, 0% used [0x00000000d5900000,0x00000000d5900000,0x00000000d7980000)
  from space 5120K, 99% used [0x00000000d7e80000,0x00000000d8379b80,0x00000000d8380000)
  to   space 5120K, 0% used [0x00000000d7980000,0x00000000d7980000,0x00000000d7e80000)
 ParOldGen       total 87552K, used 2792K [0x0000000080a00000, 0x0000000085f80000, 0x00000000d5900000)
  object space 87552K, 3% used [0x0000000080a00000,0x0000000080cba1d0,0x0000000085f80000)
 Metaspace       used 12659K, capacity 12904K, committed 13184K, reserved 1060864K
  class space    used 1513K, capacity 1611K, committed 1664K, reserved 1048576K
}

Deoptimization events (21 events):
Event: 0.615 Thread 0x00000000034e8000 Uncommon trap: reason=unstable_if action=reinterpret pc=0x0000000003765de4 method=org.codehaus.plexus.util.xml.pull.MXParser.more()C @ 8
Event: 0.702 Thread 0x00000000034e8000 Uncommon trap: reason=unstable_if action=reinterpret pc=0x0000000003849a50 method=org.codehaus.plexus.util.xml.pull.MXParser.nextImpl()I @ 200
Event: 0.733 Thread 0x00000000034e8000 Uncommon trap: reason=unstable_if action=reinterpret pc=0x0000000003862c1c method=org.codehaus.plexus.util.xml.pull.MXParser.nextImpl()I @ 241
Event: 0.748 Thread 0x00000000034e8000 Uncommon trap: reason=unstable_if action=reinterpret pc=0x000000000385faf4 method=org.codehaus.plexus.util.xml.pull.MXParser.isWhitespace()Z @ 20
Event: 0.756 Thread 0x00000000034e8000 Uncommon trap: reason=range_check action=make_not_entrant pc=0x00000000037fcb60 method=sun.reflect.generics.parser.SignatureParser.current()C @ 34
Event: 1.435 Thread 0x00000000034e8000 Uncommon trap: reason=unstable_if action=reinterpret pc=0x00000000038fee6c method=java.util.concurrent.ConcurrentHashMap.putVal(Ljava/lang/Object;Ljava/lang/Object;Z)Ljava/lang/Object; @ 206
Event: 1.650 Thread 0x00000000034e8000 Uncommon trap: reason=unstable_if action=reinterpret pc=0x0000000003890900 method=org.codehaus.plexus.util.xml.pull.MXParser.parseStartTag()I @ 443
Event: 1.773 Thread 0x00000000034e8000 Uncommon trap: reason=unstable_if action=reinterpret pc=0x000000000376b2f4 method=java.lang.String.replace(CC)Ljava/lang/String; @ 2
Event: 1.832 Thread 0x00000000034e8000 Uncommon trap: reason=predicate action=maybe_recompile pc=0x00000000039d4208 method=java.lang.String.regionMatches(ZILjava/lang/String;II)Z @ 63
Event: 1.874 Thread 0x00000000034e8000 Uncommon trap: reason=unstable_if action=reinterpret pc=0x00000000038300bc method=sun.nio.cs.UTF_8$Decoder.decode([BII[C)I @ 30
Event: 1.874 Thread 0x00000000034e8000 Uncommon trap: reason=unstable_if action=reinterpret pc=0x0000000003830b30 method=sun.nio.cs.UTF_8$Decoder.decodeArrayLoop(Ljava/nio/ByteBuffer;Ljava/nio/CharBuffer;)Ljava/nio/charset/CoderResult; @ 84
Event: 1.912 Thread 0x00000000034e8000 Uncommon trap: reason=unstable_if action=reinterpret pc=0x0000000003b01a48 method=org.codehaus.plexus.util.xml.pull.MXParser.nextImpl()I @ 555
Event: 1.954 Thread 0x00000000034e8000 Uncommon trap: reason=unstable_if action=reinterpret pc=0x000000000382fb20 method=java.util.HashMap.hash(Ljava/lang/Object;)I @ 1
Event: 1.954 Thread 0x00000000034e8000 Uncommon trap: reason=unstable_if action=reinterpret pc=0x00000000038adaa8 method=java.util.HashMap.hash(Ljava/lang/Object;)I @ 1
Event: 1.955 Thread 0x00000000034e8000 Uncommon trap: reason=unstable_if action=reinterpret pc=0x0000000003904b18 method=java.util.HashMap.hash(Ljava/lang/Object;)I @ 1
Event: 1.996 Thread 0x00000000034e8000 Uncommon trap: reason=class_check action=maybe_recompile pc=0x0000000003842090 method=java.nio.charset.CharsetDecoder.decode(Ljava/nio/ByteBuffer;Ljava/nio/CharBuffer;Z)Ljava/nio/charset/CoderResult; @ 57
Event: 1.996 Thread 0x00000000034e8000 Uncommon trap: reason=class_check action=maybe_recompile pc=0x0000000003842090 method=java.nio.charset.CharsetDecoder.decode(Ljava/nio/ByteBuffer;Ljava/nio/CharBuffer;Z)Ljava/nio/charset/CoderResult; @ 57
Event: 1.998 Thread 0x00000000034e8000 Uncommon trap: reason=class_check action=maybe_recompile pc=0x0000000003842090 method=java.nio.charset.CharsetDecoder.decode(Ljava/nio/ByteBuffer;Ljava/nio/CharBuffer;Z)Ljava/nio/charset/CoderResult; @ 57
Event: 1.999 Thread 0x00000000034e8000 Uncommon trap: reason=class_check action=maybe_recompile pc=0x0000000003842090 method=java.nio.charset.CharsetDecoder.decode(Ljava/nio/ByteBuffer;Ljava/nio/CharBuffer;Z)Ljava/nio/charset/CoderResult; @ 57
Event: 2.025 Thread 0x00000000034e8000 Uncommon trap: reason=unstable_if action=reinterpret pc=0x00000000037f76c4 method=java.util.HashMap.getNode(ILjava/lang/Object;)Ljava/util/HashMap$Node; @ 53
Event: 2.099 Thread 0x00000000034e8000 Uncommon trap: reason=null_check action=make_not_entrant pc=0x0000000003baedb8 method=org.apache.maven.model.io.xpp3.MavenXpp3Reader.checkFieldWithDuplicate(Lorg/codehaus/plexus/util/xml/pull/XmlPullParser;Ljava/lang/String;Ljava/lang/String;Ljava/util/Se

Classes redefined (0 events):
No events

Internal exceptions (45 events):
Event: 0.036 Thread 0x00000000034e8000 Exception <a 'java/lang/NoSuchMethodError': Method sun.misc.Unsafe.defineClass(Ljava/lang/String;[BII)Ljava/lang/Class; name or signature does not match> (0x00000000d5907cb8) thrown at [D:\a\1\s\lookaside\java-1.8.0-openjdk\hotspot\src\share\vm\prims\jni.
Event: 0.036 Thread 0x00000000034e8000 Exception <a 'java/lang/NoSuchMethodError': Method sun.misc.Unsafe.prefetchRead(Ljava/lang/Object;J)V name or signature does not match> (0x00000000d5907fa0) thrown at [D:\a\1\s\lookaside\java-1.8.0-openjdk\hotspot\src\share\vm\prims\jni.cpp, line 4014]
Event: 0.234 Thread 0x00000000034e8000 Exception <a 'java/security/PrivilegedActionException'> (0x00000000d5cc7240) thrown at [D:\a\1\s\lookaside\java-1.8.0-openjdk\hotspot\src\share\vm\prims\jvm.cpp, line 1501]
Event: 0.234 Thread 0x00000000034e8000 Exception <a 'java/security/PrivilegedActionException'> (0x00000000d5cc7638) thrown at [D:\a\1\s\lookaside\java-1.8.0-openjdk\hotspot\src\share\vm\prims\jvm.cpp, line 1501]
Event: 0.235 Thread 0x00000000034e8000 Exception <a 'java/security/PrivilegedActionException'> (0x00000000d5ccb958) thrown at [D:\a\1\s\lookaside\java-1.8.0-openjdk\hotspot\src\share\vm\prims\jvm.cpp, line 1501]
Event: 0.235 Thread 0x00000000034e8000 Exception <a 'java/security/PrivilegedActionException'> (0x00000000d5ccbd50) thrown at [D:\a\1\s\lookaside\java-1.8.0-openjdk\hotspot\src\share\vm\prims\jvm.cpp, line 1501]
Event: 0.235 Thread 0x00000000034e8000 Exception <a 'java/security/PrivilegedActionException'> (0x00000000d5ccd5f8) thrown at [D:\a\1\s\lookaside\java-1.8.0-openjdk\hotspot\src\share\vm\prims\jvm.cpp, line 1501]
Event: 0.235 Thread 0x00000000034e8000 Exception <a 'java/security/PrivilegedActionException'> (0x00000000d5ccd9f0) thrown at [D:\a\1\s\lookaside\java-1.8.0-openjdk\hotspot\src\share\vm\prims\jvm.cpp, line 1501]
Event: 0.586 Thread 0x00000000034e8000 Exception <a 'java/lang/ArrayIndexOutOfBoundsException'> (0x00000000d69fa5e8) thrown at [D:\a\1\s\lookaside\java-1.8.0-openjdk\hotspot\src\share\vm\runtime\sharedRuntime.cpp, line 615]
Event: 0.587 Thread 0x00000000034e8000 Exception <a 'java/lang/ArrayIndexOutOfBoundsException'> (0x00000000d6a04230) thrown at [D:\a\1\s\lookaside\java-1.8.0-openjdk\hotspot\src\share\vm\runtime\sharedRuntime.cpp, line 615]
Event: 0.595 Thread 0x00000000034e8000 Exception <a 'java/lang/ArrayIndexOutOfBoundsException'> (0x00000000d6a5ca08) thrown at [D:\a\1\s\lookaside\java-1.8.0-openjdk\hotspot\src\share\vm\runtime\sharedRuntime.cpp, line 615]
Event: 0.597 Thread 0x00000000034e8000 Exception <a 'java/lang/ArrayIndexOutOfBoundsException'> (0x00000000d6a69100) thrown at [D:\a\1\s\lookaside\java-1.8.0-openjdk\hotspot\src\share\vm\runtime\sharedRuntime.cpp, line 615]
Event: 0.598 Thread 0x00000000034e8000 Exception <a 'java/lang/ArrayIndexOutOfBoundsException'> (0x00000000d6a6a118) thrown at [D:\a\1\s\lookaside\java-1.8.0-openjdk\hotspot\src\share\vm\runtime\sharedRuntime.cpp, line 615]
Event: 0.599 Thread 0x00000000034e8000 Exception <a 'java/lang/ArrayIndexOutOfBoundsException'> (0x00000000d6a72e40) thrown at [D:\a\1\s\lookaside\java-1.8.0-openjdk\hotspot\src\share\vm\runtime\sharedRuntime.cpp, line 615]
Event: 0.599 Thread 0x00000000034e8000 Exception <a 'java/lang/ArrayIndexOutOfBoundsException'> (0x00000000d6a73c18) thrown at [D:\a\1\s\lookaside\java-1.8.0-openjdk\hotspot\src\share\vm\runtime\sharedRuntime.cpp, line 615]
Event: 0.599 Thread 0x00000000034e8000 Exception <a 'java/lang/ArrayIndexOutOfBoundsException'> (0x00000000d6a752b8) thrown at [D:\a\1\s\lookaside\java-1.8.0-openjdk\hotspot\src\share\vm\runtime\sharedRuntime.cpp, line 615]
Event: 0.600 Thread 0x00000000034e8000 Exception <a 'java/lang/ArrayIndexOutOfBoundsException'> (0x00000000d6a76fd0) thrown at [D:\a\1\s\lookaside\java-1.8.0-openjdk\hotspot\src\share\vm\runtime\sharedRuntime.cpp, line 615]
Event: 0.600 Thread 0x00000000034e8000 Exception <a 'java/lang/ArrayIndexOutOfBoundsException'> (0x00000000d6a787d0) thrown at [D:\a\1\s\lookaside\java-1.8.0-openjdk\hotspot\src\share\vm\runtime\sharedRuntime.cpp, line 615]
Event: 0.601 Thread 0x00000000034e8000 Exception <a 'java/lang/ArrayIndexOutOfBoundsException'> (0x00000000d6a79610) thrown at [D:\a\1\s\lookaside\java-1.8.0-openjdk\hotspot\src\share\vm\runtime\sharedRuntime.cpp, line 615]
Event: 0.602 Thread 0x00000000034e8000 Exception <a 'java/lang/ArrayIndexOutOfBoundsException'> (0x00000000d6a814f8) thrown at [D:\a\1\s\lookaside\java-1.8.0-openjdk\hotspot\src\share\vm\runtime\sharedRuntime.cpp, line 615]
Event: 0.603 Thread 0x00000000034e8000 Exception <a 'java/lang/ArrayIndexOutOfBoundsException'> (0x00000000d6a832c0) thrown at [D:\a\1\s\lookaside\java-1.8.0-openjdk\hotspot\src\share\vm\runtime\sharedRuntime.cpp, line 615]
Event: 0.603 Thread 0x00000000034e8000 Exception <a 'java/lang/ArrayIndexOutOfBoundsException'> (0x00000000d6a84818) thrown at [D:\a\1\s\lookaside\java-1.8.0-openjdk\hotspot\src\share\vm\runtime\sharedRuntime.cpp, line 615]
Event: 0.603 Thread 0x00000000034e8000 Exception <a 'java/lang/ArrayIndexOutOfBoundsException'> (0x00000000d6a85ff8) thrown at [D:\a\1\s\lookaside\java-1.8.0-openjdk\hotspot\src\share\vm\runtime\sharedRuntime.cpp, line 615]
Event: 0.603 Thread 0x00000000034e8000 Exception <a 'java/lang/ArrayIndexOutOfBoundsException'> (0x00000000d6a87ca0) thrown at [D:\a\1\s\lookaside\java-1.8.0-openjdk\hotspot\src\share\vm\runtime\sharedRuntime.cpp, line 615]
Event: 0.603 Thread 0x00000000034e8000 Exception <a 'java/lang/ArrayIndexOutOfBoundsException'> (0x00000000d6a89898) thrown at [D:\a\1\s\lookaside\java-1.8.0-openjdk\hotspot\src\share\vm\runtime\sharedRuntime.cpp, line 615]
Event: 0.603 Thread 0x00000000034e8000 Exception <a 'java/lang/ArrayIndexOutOfBoundsException'> (0x00000000d6a8a9a8) thrown at [D:\a\1\s\lookaside\java-1.8.0-openjdk\hotspot\src\share\vm\runtime\sharedRuntime.cpp, line 615]
Event: 0.603 Thread 0x00000000034e8000 Exception <a 'java/lang/ArrayIndexOutOfBoundsException'> (0x00000000d6a8b818) thrown at [D:\a\1\s\lookaside\java-1.8.0-openjdk\hotspot\src\share\vm\runtime\sharedRuntime.cpp, line 615]
Event: 0.604 Thread 0x00000000034e8000 Exception <a 'java/lang/ArrayIndexOutOfBoundsException'> (0x00000000d6a8d1b8) thrown at [D:\a\1\s\lookaside\java-1.8.0-openjdk\hotspot\src\share\vm\runtime\sharedRuntime.cpp, line 615]
Event: 0.604 Thread 0x00000000034e8000 Exception <a 'java/lang/ArrayIndexOutOfBoundsException'> (0x00000000d6a8e810) thrown at [D:\a\1\s\lookaside\java-1.8.0-openjdk\hotspot\src\share\vm\runtime\sharedRuntime.cpp, line 615]
Event: 0.604 Thread 0x00000000034e8000 Exception <a 'java/lang/ArrayIndexOutOfBoundsException'> (0x00000000d6a8f518) thrown at [D:\a\1\s\lookaside\java-1.8.0-openjdk\hotspot\src\share\vm\runtime\sharedRuntime.cpp, line 615]
Event: 0.756 Thread 0x00000000034e8000 Exception <a 'java/lang/ArrayIndexOutOfBoundsException': 73> (0x00000000d776e380) thrown at [D:\a\1\s\lookaside\java-1.8.0-openjdk\hotspot\src\share\vm\interpreter\interpreterRuntime.cpp, line 371]
Event: 0.756 Thread 0x00000000034e8000 Exception <a 'java/lang/ArrayIndexOutOfBoundsException': 131> (0x00000000d776fd28) thrown at [D:\a\1\s\lookaside\java-1.8.0-openjdk\hotspot\src\share\vm\interpreter\interpreterRuntime.cpp, line 371]
Event: 1.464 Thread 0x00000000034e8000 Exception <a 'java/lang/NoClassDefFoundError': com/google/inject/servlet/ServletModuleTargetVisitor> (0x00000000d59e4c60) thrown at [D:\a\1\s\lookaside\java-1.8.0-openjdk\hotspot\src\share\vm\classfile\systemDictionary.cpp, line 199]
Event: 1.464 Thread 0x00000000034e8000 Exception <a 'java/lang/NoClassDefFoundError'> (0x00000000d59e4c60) thrown at [D:\a\1\s\lookaside\java-1.8.0-openjdk\hotspot\src\share\vm\prims\jvm.cpp, line 1505]
Event: 1.464 Thread 0x00000000034e8000 Exception <a 'java/lang/NoClassDefFoundError': javax/annotation/Priority> (0x00000000d59e9600) thrown at [D:\a\1\s\lookaside\java-1.8.0-openjdk\hotspot\src\share\vm\classfile\systemDictionary.cpp, line 199]
Event: 1.696 Thread 0x00000000034e8000 Exception <a 'java/lang/NullPointerException'> (0x00000000d6262788) thrown at [D:\a\1\s\lookaside\java-1.8.0-openjdk\hotspot\src\share\vm\interpreter\linkResolver.cpp, line 1185]
Event: 1.696 Thread 0x00000000034e8000 Exception <a 'java/lang/NullPointerException'> (0x00000000d62629a0) thrown at [D:\a\1\s\lookaside\java-1.8.0-openjdk\hotspot\src\share\vm\interpreter\linkResolver.cpp, line 1185]
Event: 1.696 Thread 0x00000000034e8000 Exception <a 'java/lang/NullPointerException'> (0x00000000d6262bb8) thrown at [D:\a\1\s\lookaside\java-1.8.0-openjdk\hotspot\src\share\vm\interpreter\linkResolver.cpp, line 1185]
Event: 1.697 Thread 0x00000000034e8000 Exception <a 'java/lang/NullPointerException'> (0x00000000d6272fc8) thrown at [D:\a\1\s\lookaside\java-1.8.0-openjdk\hotspot\src\share\vm\interpreter\linkResolver.cpp, line 1185]
Event: 1.697 Thread 0x00000000034e8000 Exception <a 'java/lang/NullPointerException'> (0x00000000d62731e0) thrown at [D:\a\1\s\lookaside\java-1.8.0-openjdk\hotspot\src\share\vm\interpreter\linkResolver.cpp, line 1185]
Event: 1.697 Thread 0x00000000034e8000 Exception <a 'java/lang/NullPointerException'> (0x00000000d62733f8) thrown at [D:\a\1\s\lookaside\java-1.8.0-openjdk\hotspot\src\share\vm\interpreter\linkResolver.cpp, line 1185]
Event: 1.954 Thread 0x00000000034e8000 Implicit null exception at 0x000000000382f915 to 0x000000000382fb11
Event: 1.954 Thread 0x00000000034e8000 Implicit null exception at 0x00000000038ada2f to 0x00000000038ada99
Event: 1.955 Thread 0x00000000034e8000 Implicit null exception at 0x000000000390453b to 0x0000000003904afd
Event: 2.099 Thread 0x00000000034e8000 Implicit null exception at 0x0000000003badc69 to 0x0000000003baed9d

Events (250 events):
Event: 1.865 loading class org/eclipse/aether/version/VersionRange
Event: 1.865 loading class org/eclipse/aether/version/VersionRange done
Event: 1.865 loading class org/eclipse/aether/version/VersionConstraint
Event: 1.865 loading class org/eclipse/aether/version/VersionConstraint done
Event: 1.865 loading class org/eclipse/aether/util/version/GenericVersionConstraint
Event: 1.865 loading class org/eclipse/aether/util/version/GenericVersionConstraint done
Event: 1.866 loading class org/eclipse/aether/util/version/GenericVersion
Event: 1.866 loading class org/eclipse/aether/util/version/GenericVersion done
Event: 1.866 loading class org/eclipse/aether/util/version/GenericVersion$Tokenizer
Event: 1.866 loading class org/eclipse/aether/util/version/GenericVersion$Tokenizer done
Event: 1.867 loading class org/eclipse/aether/util/version/GenericVersion$Item
Event: 1.867 loading class org/eclipse/aether/util/version/GenericVersion$Item done
Event: 1.874 Thread 0x00000000034e8000 Uncommon trap: trap_request=0xffffff65 fr.pc=0x00000000038300bc
Event: 1.874 Thread 0x00000000034e8000 DEOPT PACKING pc=0x00000000038300bc sp=0x00000000030ad490
Event: 1.874 Thread 0x00000000034e8000 DEOPT UNPACKING pc=0x00000000035e807b sp=0x00000000030ad3e8 mode 2
Event: 1.874 Thread 0x00000000034e8000 Uncommon trap: trap_request=0xffffff65 fr.pc=0x0000000003830b30
Event: 1.874 Thread 0x00000000034e8000 DEOPT PACKING pc=0x0000000003830b30 sp=0x00000000030ad3d0
Event: 1.874 Thread 0x00000000034e8000 DEOPT UNPACKING pc=0x00000000035e807b sp=0x00000000030ad318 mode 2
Event: 1.886 loading class org/apache/maven/model/Site
Event: 1.886 loading class org/apache/maven/model/Site done
Event: 1.888 loading class org/apache/maven/model/ActivationFile
Event: 1.888 loading class org/apache/maven/model/ActivationFile done
Event: 1.896 loading class sun/reflect/UnsafeQualifiedObjectFieldAccessorImpl
Event: 1.896 loading class sun/reflect/UnsafeQualifiedFieldAccessorImpl
Event: 1.896 loading class sun/reflect/UnsafeQualifiedFieldAccessorImpl done
Event: 1.896 loading class sun/reflect/UnsafeQualifiedObjectFieldAccessorImpl done
Event: 1.901 loading class org/apache/maven/repository/internal/DefaultModelResolver$1
Event: 1.901 loading class org/apache/maven/repository/internal/DefaultModelResolver$1 done
Event: 1.902 loading class org/apache/maven/repository/internal/ArtifactDescriptorReaderDelegate
Event: 1.902 loading class org/apache/maven/repository/internal/ArtifactDescriptorReaderDelegate done
Event: 1.903 loading class org/eclipse/aether/graph/Dependency$Exclusions
Event: 1.903 loading class org/eclipse/aether/graph/Dependency$Exclusions done
Event: 1.906 loading class org/codehaus/plexus/configuration/xml/XmlPlexusConfiguration
Event: 1.906 loading class org/codehaus/plexus/configuration/xml/XmlPlexusConfiguration done
Event: 1.906 loading class org/codehaus/plexus/configuration/DefaultPlexusConfiguration
Event: 1.906 loading class org/codehaus/plexus/configuration/DefaultPlexusConfiguration done
Event: 1.912 Thread 0x00000000034e8000 Uncommon trap: trap_request=0xffffff65 fr.pc=0x0000000003b01a48
Event: 1.912 Thread 0x00000000034e8000 DEOPT PACKING pc=0x0000000003b01a48 sp=0x00000000030adc80
Event: 1.913 Thread 0x00000000034e8000 DEOPT UNPACKING pc=0x00000000035e807b sp=0x00000000030adbd8 mode 2
Event: 1.931 loading class org/apache/maven/plugin/descriptor/DuplicateParameterException
Event: 1.931 loading class org/apache/maven/plugin/descriptor/DuplicateParameterException done
Event: 1.932 loading class org/apache/maven/plugin/descriptor/Parameter
Event: 1.932 loading class org/apache/maven/plugin/descriptor/Parameter done
Event: 1.933 loading class org/codehaus/plexus/component/repository/ComponentRequirement
Event: 1.933 loading class org/codehaus/plexus/component/repository/ComponentRequirement done
Event: 1.933 loading class org/codehaus/plexus/component/repository/ComponentDependency
Event: 1.933 loading class org/codehaus/plexus/component/repository/ComponentDependency done
Event: 1.934 loading class org/apache/maven/plugin/MavenPluginValidator
Event: 1.934 loading class org/apache/maven/plugin/MavenPluginValidator done
Event: 1.935 loading class org/apache/maven/lifecycle/internal/GoalTask
Event: 1.935 loading class org/apache/maven/lifecycle/internal/GoalTask done
Event: 1.936 loading class org/apache/maven/lifecycle/internal/builder/singlethreaded/SingleThreadedBuilder
Event: 1.936 loading class org/apache/maven/lifecycle/internal/builder/singlethreaded/SingleThreadedBuilder done
Event: 1.936 loading class org/apache/maven/lifecycle/internal/builder/singlethreaded/SingleThreadedBuilder
Event: 1.936 loading class org/apache/maven/lifecycle/internal/builder/singlethreaded/SingleThreadedBuilder done
Event: 1.936 loading class org/apache/maven/lifecycle/internal/builder/multithreaded/MultiThreadedBuilder
Event: 1.936 loading class org/apache/maven/lifecycle/internal/builder/multithreaded/MultiThreadedBuilder done
Event: 1.936 loading class org/apache/maven/lifecycle/internal/builder/multithreaded/MultiThreadedBuilder
Event: 1.936 loading class org/apache/maven/lifecycle/internal/builder/multithreaded/MultiThreadedBuilder done
Event: 1.937 loading class org/apache/maven/lifecycle/internal/builder/singlethreaded/SingleThreadedBuilder
Event: 1.937 loading class org/apache/maven/lifecycle/internal/builder/singlethreaded/SingleThreadedBuilder done
Event: 1.937 loading class org/apache/maven/lifecycle/internal/LifecycleModuleBuilder
Event: 1.937 loading class org/apache/maven/lifecycle/internal/LifecycleModuleBuilder done
Event: 1.938 loading class org/apache/maven/lifecycle/internal/DefaultLifecycleExecutionPlanCalculator
Event: 1.938 loading class org/apache/maven/lifecycle/internal/DefaultLifecycleExecutionPlanCalculator done
Event: 1.939 loading class org/apache/maven/lifecycle/internal/DefaultLifecycleExecutionPlanCalculator
Event: 1.939 loading class org/apache/maven/lifecycle/internal/DefaultLifecycleExecutionPlanCalculator done
Event: 1.939 loading class org/apache/maven/lifecycle/internal/DefaultLifecycleExecutionPlanCalculator
Event: 1.939 loading class org/apache/maven/lifecycle/internal/DefaultLifecycleExecutionPlanCalculator done
Event: 1.939 loading class org/apache/maven/lifecycle/LifecycleMappingDelegate
Event: 1.939 loading class org/apache/maven/lifecycle/LifecycleMappingDelegate done
Event: 1.940 loading class org/apache/maven/lifecycle/internal/LifecyclePluginResolver
Event: 1.940 loading class org/apache/maven/lifecycle/internal/LifecyclePluginResolver done
Event: 1.940 loading class org/apache/maven/lifecycle/internal/MojoDescriptorCreator
Event: 1.940 loading class org/apache/maven/lifecycle/internal/MojoDescriptorCreator done
Event: 1.940 loading class org/apache/maven/lifecycle/DefaultLifecycles
Event: 1.940 loading class org/apache/maven/lifecycle/DefaultLifecycles done
Event: 1.940 loading class org/apache/maven/plugin/BuildPluginManager
Event: 1.940 loading class org/apache/maven/plugin/BuildPluginManager done
Event: 1.940 loading class org/apache/maven/plugin/version/PluginVersionResolver
Event: 1.940 loading class org/apache/maven/plugin/version/PluginVersionResolver done
Event: 1.941 loading class org/apache/maven/lifecycle/internal/DefaultLifecycleMappingDelegate
Event: 1.941 loading class org/apache/maven/lifecycle/internal/DefaultLifecycleMappingDelegate done
Event: 1.941 loading class org/apache/maven/lifecycle/internal/DefaultLifecycleMappingDelegate
Event: 1.941 loading class org/apache/maven/lifecycle/internal/DefaultLifecycleMappingDelegate done
Event: 1.941 loading class org/apache/maven/lifecycle/internal/DefaultLifecycleMappingDelegate
Event: 1.941 loading class org/apache/maven/lifecycle/internal/DefaultLifecycleMappingDelegate done
Event: 1.941 loading class org/apache/maven/plugin/BuildPluginManager
Event: 1.941 loading class org/apache/maven/plugin/BuildPluginManager done
Event: 1.946 loading class org/apache/maven/lifecycle/internal/CompoundProjectExecutionListener
Event: 1.946 loading class org/apache/maven/lifecycle/internal/CompoundProjectExecutionListener done
Event: 1.949 loading class org/apache/maven/execution/ProjectExecutionEvent
Event: 1.949 loading class org/apache/maven/execution/ProjectExecutionEvent done
Event: 1.949 loading class org/apache/maven/project/MavenProject
Event: 1.949 loading class org/apache/maven/project/MavenProject done
Event: 1.950 loading class org/apache/maven/plugin/MojoExecution$Source
Event: 1.950 loading class org/apache/maven/plugin/MojoExecution$Source done
Event: 1.952 loading class org/apache/maven/lifecycle/internal/DefaultMojoExecutionConfigurator
Event: 1.952 loading class org/apache/maven/lifecycle/internal/DefaultMojoExecutionConfigurator done
Event: 1.953 loading class org/apache/maven/lifecycle/internal/DefaultMojoExecutionConfigurator
Event: 1.953 loading class org/apache/maven/lifecycle/internal/DefaultMojoExecutionConfigurator done
Event: 1.953 loading class org/apache/maven/lifecycle/internal/DefaultMojoExecutionConfigurator
Event: 1.953 loading class org/apache/maven/lifecycle/internal/DefaultMojoExecutionConfigurator done
Event: 1.954 Thread 0x00000000034e8000 Uncommon trap: trap_request=0xffffff65 fr.pc=0x000000000382fb20
Event: 1.954 Thread 0x00000000034e8000 DEOPT PACKING pc=0x000000000382fb20 sp=0x00000000030ade70
Event: 1.954 Thread 0x00000000034e8000 DEOPT UNPACKING pc=0x00000000035e807b sp=0x00000000030addb8 mode 2
Event: 1.954 Thread 0x00000000034e8000 Uncommon trap: trap_request=0xffffff65 fr.pc=0x00000000038adaa8
Event: 1.954 Thread 0x00000000034e8000 DEOPT PACKING pc=0x00000000038adaa8 sp=0x00000000030ade10
Event: 1.954 Thread 0x00000000034e8000 DEOPT UNPACKING pc=0x00000000035e807b sp=0x00000000030addb0 mode 2
Event: 1.954 loading class org/apache/maven/lifecycle/internal/ExecutionPlanItem
Event: 1.954 loading class org/apache/maven/lifecycle/internal/ExecutionPlanItem done
Event: 1.955 Thread 0x00000000034e8000 Uncommon trap: trap_request=0xffffff65 fr.pc=0x0000000003904b18
Event: 1.955 Thread 0x00000000034e8000 DEOPT PACKING pc=0x0000000003904b18 sp=0x00000000030adef0
Event: 1.955 Thread 0x00000000034e8000 DEOPT UNPACKING pc=0x00000000035e807b sp=0x00000000030ade48 mode 2
Event: 1.960 loading class org/eclipse/aether/util/filter/ScopeDependencyFilter
Event: 1.960 loading class org/eclipse/aether/util/filter/ScopeDependencyFilter done
Event: 1.961 loading class org/eclipse/aether/util/filter/AndDependencyFilter
Event: 1.961 loading class org/eclipse/aether/util/filter/AndDependencyFilter done
Event: 1.962 loading class org/apache/maven/lifecycle/internal/LifecycleDependencyResolver$ReactorDependencyFilter
Event: 1.962 loading class org/apache/maven/lifecycle/internal/LifecycleDependencyResolver$ReactorDependencyFilter done
Event: 1.963 loading class org/apache/maven/project/DefaultDependencyResolutionRequest
Event: 1.963 loading class org/apache/maven/project/DefaultDependencyResolutionRequest done
Event: 1.964 loading class org/eclipse/aether/util/artifact/ArtifactIdUtils
Event: 1.964 loading class org/eclipse/aether/util/artifact/ArtifactIdUtils done
Event: 1.965 loading class org/eclipse/aether/internal/impl/CachingArtifactTypeRegistry
Event: 1.965 loading class org/eclipse/aether/internal/impl/CachingArtifactTypeRegistry done
Event: 1.967 loading class org/eclipse/aether/internal/impl/ObjectPool
Event: 1.967 loading class org/eclipse/aether/internal/impl/ObjectPool done
Event: 1.967 loading class org/eclipse/aether/internal/impl/NodeStack
Event: 1.967 loading class org/eclipse/aether/internal/impl/NodeStack done
Event: 1.968 loading class org/eclipse/aether/internal/impl/DefaultDependencyCollectionContext
Event: 1.968 loading class org/eclipse/aether/internal/impl/DefaultDependencyCollectionContext done
Event: 1.968 loading class org/eclipse/aether/internal/impl/DefaultVersionFilterContext$VersionIterator
Event: 1.968 loading class org/eclipse/aether/internal/impl/DefaultVersionFilterContext$VersionIterator done
Event: 1.969 loading class org/eclipse/aether/graph/DependencyCycle
Event: 1.969 loading class org/eclipse/aether/graph/DependencyCycle done
Event: 1.970 loading class org/eclipse/aether/util/graph/manager/ClassicDependencyManager$Key
Event: 1.970 loading class org/eclipse/aether/util/graph/manager/ClassicDependencyManager$Key done
Event: 1.970 loading class org/eclipse/aether/internal/impl/DataPool$ConstraintKey
Event: 1.970 loading class org/eclipse/aether/internal/impl/DataPool$ConstraintKey done
Event: 1.971 loading class org/eclipse/aether/internal/impl/DataPool$Constraint
Event: 1.971 loading class org/eclipse/aether/internal/impl/DataPool$Constraint done
Event: 1.971 loading class org/eclipse/aether/internal/impl/DataPool$Constraint$VersionRepo
Event: 1.971 loading class org/eclipse/aether/internal/impl/DataPool$Constraint$VersionRepo done
Event: 1.979 Thread 0x00000000034e8000 DEOPT PACKING pc=0x0000000003b3ab1a sp=0x00000000030acb90
Event: 1.979 Thread 0x00000000034e8000 DEOPT UNPACKING pc=0x00000000035ea0d0 sp=0x00000000030aca10 mode 0
Event: 1.979 Thread 0x00000000034e8000 DEOPT PACKING pc=0x0000000003b1275b sp=0x00000000030acb30
Event: 1.979 Thread 0x00000000034e8000 DEOPT UNPACKING pc=0x00000000035ea0d0 sp=0x00000000030ac930 mode 0
Event: 1.984 loading class org/eclipse/aether/internal/impl/DataPool$GoodDescriptor
Event: 1.984 loading class org/eclipse/aether/internal/impl/DataPool$GoodDescriptor done
Event: 1.984 loading class org/eclipse/aether/internal/impl/DataPool$Descriptor
Event: 1.984 loading class org/eclipse/aether/internal/impl/DataPool$Descriptor done
Event: 1.985 loading class org/eclipse/aether/internal/impl/DataPool$GraphKey
Event: 1.985 loading class org/eclipse/aether/internal/impl/DataPool$GraphKey done
Event: 1.995 loading class sun/nio/cs/ISO_8859_1$Decoder
Event: 1.996 loading class sun/nio/cs/ISO_8859_1$Decoder done
Event: 1.996 Thread 0x00000000034e8000 Uncommon trap: trap_request=0xffffffde fr.pc=0x0000000003842090
Event: 1.996 Thread 0x00000000034e8000 DEOPT PACKING pc=0x0000000003842090 sp=0x00000000030acac0
Event: 1.996 Thread 0x00000000034e8000 DEOPT UNPACKING pc=0x00000000035e807b sp=0x00000000030aca50 mode 2
Event: 1.996 Thread 0x00000000034e8000 Uncommon trap: trap_request=0xffffffde fr.pc=0x0000000003842090
Event: 1.996 Thread 0x00000000034e8000 DEOPT PACKING pc=0x0000000003842090 sp=0x00000000030acac0
Event: 1.996 Thread 0x00000000034e8000 DEOPT UNPACKING pc=0x00000000035e807b sp=0x00000000030aca50 mode 2
Event: 1.998 Thread 0x00000000034e8000 Uncommon trap: trap_request=0xffffffde fr.pc=0x0000000003842090
Event: 1.998 Thread 0x00000000034e8000 DEOPT PACKING pc=0x0000000003842090 sp=0x00000000030ac960
Event: 1.998 Thread 0x00000000034e8000 DEOPT UNPACKING pc=0x00000000035e807b sp=0x00000000030ac8f0 mode 2
Event: 1.999 Thread 0x00000000034e8000 Uncommon trap: trap_request=0xffffffde fr.pc=0x0000000003842090
Event: 1.999 Thread 0x00000000034e8000 DEOPT PACKING pc=0x0000000003842090 sp=0x00000000030ac960
Event: 1.999 Thread 0x00000000034e8000 DEOPT UNPACKING pc=0x00000000035e807b sp=0x00000000030ac8f0 mode 2
Event: 2.001 Thread 0x00000000034e8000 DEOPT PACKING pc=0x0000000003b3ab1a sp=0x00000000030accf0
Event: 2.001 Thread 0x00000000034e8000 DEOPT UNPACKING pc=0x00000000035ea0d0 sp=0x00000000030acb70 mode 0
Event: 2.004 Thread 0x00000000034e8000 DEOPT PACKING pc=0x0000000003b1275b sp=0x00000000030accb0
Event: 2.004 Thread 0x00000000034e8000 DEOPT UNPACKING pc=0x00000000035ea0d0 sp=0x00000000030acab0 mode 0
Event: 2.010 Thread 0x00000000034e8000 DEOPT PACKING pc=0x0000000003b3ab1a sp=0x00000000030acb90
Event: 2.010 Thread 0x00000000034e8000 DEOPT UNPACKING pc=0x00000000035ea0d0 sp=0x00000000030aca10 mode 0
Event: 2.011 Thread 0x00000000034e8000 DEOPT PACKING pc=0x0000000003b1275b sp=0x00000000030accb0
Event: 2.011 Thread 0x00000000034e8000 DEOPT UNPACKING pc=0x00000000035ea0d0 sp=0x00000000030acab0 mode 0
Event: 2.016 loading class org/eclipse/aether/internal/impl/DefaultDependencyGraphTransformationContext
Event: 2.016 loading class org/eclipse/aether/internal/impl/DefaultDependencyGraphTransformationContext done
Event: 2.017 loading class org/eclipse/aether/util/graph/transformer/TransformationContextKeys
Event: 2.017 loading class org/eclipse/aether/util/graph/transformer/TransformationContextKeys done
Event: 2.017 loading class org/eclipse/aether/util/graph/transformer/ConflictIdSorter
Event: 2.017 loading class org/eclipse/aether/util/graph/transformer/ConflictIdSorter done
Event: 2.018 loading class org/eclipse/aether/util/graph/transformer/ConflictMarker
Event: 2.018 loading class org/eclipse/aether/util/graph/transformer/ConflictMarker done
Event: 2.019 loading class org/eclipse/aether/util/graph/transformer/ConflictMarker$Key
Event: 2.019 loading class org/eclipse/aether/util/graph/transformer/ConflictMarker$Key done
Event: 2.019 loading class org/eclipse/aether/util/graph/transformer/ConflictMarker$ConflictGroup
Event: 2.019 loading class org/eclipse/aether/util/graph/transformer/ConflictMarker$ConflictGroup done
Event: 2.020 loading class java/util/IdentityHashMap$KeySet
Event: 2.020 loading class java/util/IdentityHashMap$KeySet done
Event: 2.020 loading class java/util/IdentityHashMap$KeyIterator
Event: 2.020 loading class java/util/IdentityHashMap$KeyIterator done
Event: 2.021 loading class org/eclipse/aether/util/graph/transformer/ConflictIdSorter$ConflictId
Event: 2.021 loading class org/eclipse/aether/util/graph/transformer/ConflictIdSorter$ConflictId done
Event: 2.021 loading class org/eclipse/aether/util/graph/transformer/ConflictIdSorter$RootQueue
Event: 2.021 loading class org/eclipse/aether/util/graph/transformer/ConflictIdSorter$RootQueue done
Event: 2.022 loading class org/eclipse/aether/util/graph/transformer/ConflictResolver$State
Event: 2.022 loading class org/eclipse/aether/util/graph/transformer/ConflictResolver$State done
Event: 2.023 loading class org/eclipse/aether/util/graph/transformer/ConflictResolver$ConflictItem
Event: 2.023 loading class org/eclipse/aether/util/graph/transformer/ConflictResolver$ConflictItem done
Event: 2.023 loading class org/eclipse/aether/util/graph/transformer/ConflictResolver$NodeInfo
Event: 2.023 loading class org/eclipse/aether/util/graph/transformer/ConflictResolver$NodeInfo done
Event: 2.023 loading class org/eclipse/aether/util/graph/transformer/ConflictResolver$ConflictContext
Event: 2.023 loading class org/eclipse/aether/util/graph/transformer/ConflictResolver$ConflictContext done
Event: 2.024 loading class org/eclipse/aether/util/graph/transformer/ConflictResolver$ScopeContext
Event: 2.024 loading class org/eclipse/aether/util/graph/transformer/ConflictResolver$ScopeContext done
Event: 2.024 loading class org/eclipse/aether/util/graph/transformer/NearestVersionSelector$ConflictGroup
Event: 2.024 loading class org/eclipse/aether/util/graph/transformer/NearestVersionSelector$ConflictGroup done
Event: 2.025 Thread 0x00000000034e8000 Uncommon trap: trap_request=0xffffff65 fr.pc=0x00000000037f76c4
Event: 2.025 Thread 0x00000000034e8000 DEOPT PACKING pc=0x00000000037f76c4 sp=0x00000000030ad990
Event: 2.025 Thread 0x00000000034e8000 DEOPT UNPACKING pc=0x00000000035e807b sp=0x00000000030ad908 mode 2
Event: 2.026 loading class org/eclipse/aether/util/graph/visitor/Stack
Event: 2.026 loading class org/eclipse/aether/util/graph/visitor/Stack done
Event: 2.026 loading class org/eclipse/aether/util/graph/visitor/TreeDependencyVisitor
Event: 2.026 loading class org/eclipse/aether/util/graph/visitor/TreeDependencyVisitor done
Event: 2.031 loading class org/apache/maven/artifact/resolver/filter/CumulativeScopeArtifactFilter
Event: 2.031 loading class org/apache/maven/artifact/resolver/filter/CumulativeScopeArtifactFilter done
Event: 2.031 loading class org/apache/maven/artifact/resolver/filter/AbstractScopeArtifactFilter
Event: 2.031 loading class org/apache/maven/artifact/resolver/filter/AbstractScopeArtifactFilter done
Event: 2.032 loading class org/apache/maven/plugin/MojoExecution
Event: 2.032 loading class org/apache/maven/plugin/MojoExecution done
Event: 2.032 loading class org/apache/maven/plugin/MojoExecution$Source
Event: 2.032 loading class org/apache/maven/plugin/MojoExecution$Source done
Event: 2.032 loading class org/apache/maven/model/Plugin
Event: 2.032 loading class org/apache/maven/model/Plugin done
Event: 2.032 loading class org/apache/maven/plugin/descriptor/MojoDescriptor
Event: 2.032 loading class org/apache/maven/plugin/descriptor/MojoDescriptor done
Event: 2.032 loading class org/apache/maven/plugin/descriptor/PluginDescriptor
Event: 2.032 loading class org/apache/maven/plugin/descriptor/PluginDescriptor done
Event: 2.032 loading class org/apache/maven/plugin/DefaultPluginRealmCache$CacheKey
Event: 2.032 loading class org/apache/maven/plugin/DefaultPluginRealmCache$CacheKey done
Event: 2.033 loading class org/apache/maven/plugin/internal/PlexusUtilsInjector
Event: 2.033 loading class org/apache/maven/plugin/internal/PlexusUtilsInjector done
Event: 2.033 loading class org/apache/maven/plugin/internal/WagonExcluder
Event: 2.033 loading class org/apache/maven/plugin/internal/WagonExcluder done
Event: 2.055 Thread 0x00000000034e8000 DEOPT PACKING pc=0x0000000003b3ab1a sp=0x00000000030aca70
Event: 2.055 Thread 0x00000000034e8000 DEOPT UNPACKING pc=0x00000000035ea0d0 sp=0x00000000030ac8f0 mode 0
Event: 2.055 loading class org/apache/maven/model/Notifier
Event: 2.055 loading class org/apache/maven/model/Notifier done
Event: 2.085 Thread 0x00000000034e8000 DEOPT PACKING pc=0x0000000003b3ab1a sp=0x00000000030ac870
Event: 2.085 Thread 0x00000000034e8000 DEOPT UNPACKING pc=0x00000000035ea0d0 sp=0x00000000030ac6f0 mode 0
Event: 2.085 loading class org/apache/maven/model/Exclusion
Event: 2.085 loading class org/apache/maven/model/Exclusion done
Event: 2.099 Thread 0x00000000034e8000 Uncommon trap: trap_request=0xfffffff4 fr.pc=0x0000000003baedb8
Event: 2.099 Thread 0x00000000034e8000 DEOPT PACKING pc=0x0000000003baedb8 sp=0x00000000030aca50
Event: 2.099 Thread 0x00000000034e8000 DEOPT UNPACKING pc=0x00000000035e807b sp=0x00000000030aca30 mode 2
Event: 2.181 loading class org/eclipse/aether/collection/DependencyManagement
Event: 2.181 loading class org/eclipse/aether/collection/DependencyManagement done
Event: 2.196 Thread 0x00000000034e8000 DEOPT PACKING pc=0x0000000003b3ab1a sp=0x00000000030abe50
Event: 2.196 Thread 0x00000000034e8000 DEOPT UNPACKING pc=0x00000000035ea0d0 sp=0x00000000030abcd0 mode 0


Dynamic libraries:
0x00007ff786390000 - 0x00007ff7863d9000 	C:\Program Files\ojdkbuild\java-1.8.0-openjdk-1.8.0.232-1\bin\java.exe
0x00007ff984b60000 - 0x00007ff984d50000 	C:\Windows\SYSTEM32\ntdll.dll
0x00007ff984a10000 - 0x00007ff984ac2000 	C:\Windows\System32\KERNEL32.DLL
0x00007ff981af0000 - 0x00007ff981d93000 	C:\Windows\System32\KERNELBASE.dll
0x00007ff9845a0000 - 0x00007ff984643000 	C:\Windows\System32\ADVAPI32.dll
0x00007ff982c70000 - 0x00007ff982d0e000 	C:\Windows\System32\msvcrt.dll
0x00007ff984480000 - 0x00007ff984517000 	C:\Windows\System32\sechost.dll
0x00007ff983210000 - 0x00007ff983330000 	C:\Windows\System32\RPCRT4.dll
0x00007ff984870000 - 0x00007ff984a04000 	C:\Windows\System32\USER32.dll
0x00007ff9820c0000 - 0x00007ff9820e1000 	C:\Windows\System32\win32u.dll
0x00007ff9835f0000 - 0x00007ff983616000 	C:\Windows\System32\GDI32.dll
0x00007ff981e20000 - 0x00007ff981fb4000 	C:\Windows\System32\gdi32full.dll
0x00007ff982370000 - 0x00007ff98240e000 	C:\Windows\System32\msvcp_win.dll
0x00007ff981fc0000 - 0x00007ff9820ba000 	C:\Windows\System32\ucrtbase.dll
0x00007ff9747f0000 - 0x00007ff974a75000 	C:\Windows\WinSxS\amd64_microsoft.windows.common-controls_6595b64144ccf1df_6.0.18362.476_none_e6c4b11b130f2595\COMCTL32.dll
0x00007ff983df0000 - 0x00007ff984126000 	C:\Windows\System32\combase.dll
0x00007ff981da0000 - 0x00007ff981e20000 	C:\Windows\System32\bcryptPrimitives.dll
0x00007ff984ad0000 - 0x00007ff984afe000 	C:\Windows\System32\IMM32.DLL
0x000000005f550000 - 0x000000005f622000 	C:\Program Files\ojdkbuild\java-1.8.0-openjdk-1.8.0.232-1\jre\bin\msvcr100.dll
0x000000005f630000 - 0x000000005feeb000 	C:\Program Files\ojdkbuild\java-1.8.0-openjdk-1.8.0.232-1\jre\bin\server\jvm.dll
0x00007ff984850000 - 0x00007ff984858000 	C:\Windows\System32\PSAPI.DLL
0x00007ff97e3c0000 - 0x00007ff97e3c9000 	C:\Windows\SYSTEM32\WSOCK32.dll
0x00007ff983690000 - 0x00007ff9836ff000 	C:\Windows\System32\WS2_32.dll
0x00007ff97f9e0000 - 0x00007ff97fa04000 	C:\Windows\SYSTEM32\WINMM.dll
0x00007ff97f560000 - 0x00007ff97f58d000 	C:\Windows\SYSTEM32\winmmbase.dll
0x00007ff97a8d0000 - 0x00007ff97a8da000 	C:\Windows\SYSTEM32\VERSION.dll
0x00007ff982320000 - 0x00007ff98236a000 	C:\Windows\System32\cfgmgr32.dll
0x00007ff97e320000 - 0x00007ff97e32f000 	C:\Program Files\ojdkbuild\java-1.8.0-openjdk-1.8.0.232-1\jre\bin\verify.dll
0x00007ff97bb90000 - 0x00007ff97bbb9000 	C:\Program Files\ojdkbuild\java-1.8.0-openjdk-1.8.0.232-1\jre\bin\java.dll
0x00007ff97cff0000 - 0x00007ff97d006000 	C:\Program Files\ojdkbuild\java-1.8.0-openjdk-1.8.0.232-1\jre\bin\zip.dll
0x00007ff983700000 - 0x00007ff983de5000 	C:\Windows\System32\SHELL32.dll
0x00007ff9833e0000 - 0x00007ff983489000 	C:\Windows\System32\shcore.dll
0x00007ff982410000 - 0x00007ff982b8e000 	C:\Windows\System32\windows.storage.dll
0x00007ff981ad0000 - 0x00007ff981aef000 	C:\Windows\System32\profapi.dll
0x00007ff981a60000 - 0x00007ff981aaa000 	C:\Windows\System32\powrprof.dll
0x00007ff981a30000 - 0x00007ff981a40000 	C:\Windows\System32\UMPDC.dll
0x00007ff982c10000 - 0x00007ff982c62000 	C:\Windows\System32\shlwapi.dll
0x00007ff981ab0000 - 0x00007ff981ac1000 	C:\Windows\System32\kernel.appcore.dll
0x00007ff982bf0000 - 0x00007ff982c07000 	C:\Windows\System32\cryptsp.dll
0x00007ff97bb70000 - 0x00007ff97bb8a000 	C:\Program Files\ojdkbuild\java-1.8.0-openjdk-1.8.0.232-1\jre\bin\net.dll
0x00007ff9812a0000 - 0x00007ff981307000 	C:\Windows\system32\mswsock.dll
0x00007ff97ba70000 - 0x00007ff97ba81000 	C:\Program Files\ojdkbuild\java-1.8.0-openjdk-1.8.0.232-1\jre\bin\nio.dll

VM Arguments:
jvm_args: -Dclassworlds.conf=C:\Program Files (x86)\NetBeans-11.2\netbeans\java\maven\bin\m2.conf -Dmaven.home=C:\Program Files (x86)\NetBeans-11.2\netbeans\java\maven -Dmaven.multiModuleProjectDirectory=C:\Users\MB-207\Documents\NetBeansProjects\Java0811\Java0811 
java_command: org.codehaus.plexus.classworlds.launcher.Launcher -Dexec.args=-classpath %classpath com.pcschool.ocp.d16_derby.case2.UpdateRecord -Dexec.executable=C:\Program Files\ojdkbuild\java-1.8.0-openjdk-1.8.0.232-1\bin\java.exe -Dexec.classpathScope=runtime -Dmaven.ext.class.path=C:\Program Files (x86)\NetBeans-11.2\netbeans\java\maven-nblib\netbeans-eventspy.jar -Dfile.encoding=UTF-8 org.codehaus.mojo:exec-maven-plugin:1.5.0:exec
java_class_path (initial): C:\Program Files (x86)\NetBeans-11.2\netbeans\java\maven\boot\plexus-classworlds-2.5.2.jar
Launcher Type: SUN_STANDARD

Environment Variables:
JAVA_HOME=C:\Program Files\ojdkbuild\java-1.8.0-openjdk-1.8.0.232-1
PATH=C:\Program Files\AdoptOpenJDK\jre-11.0.5.10-hotspot\bin;C:\Program Files (x86)\AdoptOpenJDK\jre-8.0.232.09-hotspot\bin;C:\Windows\system32;C:\Windows;C:\Windows\System32\Wbem;C:\Windows\System32\WindowsPowerShell\v1.0\;C:\Windows\System32\OpenSSH\;C:\Program Files\ojdkbuild\java-1.8.0-openjdk-1.8.0.232-1\bin;C:\Program Files\ojdkbuild\java-1.8.0-openjdk-1.8.0.232-1\jre\bin;C:\Users\MB-207\AppData\Local\Microsoft\WindowsApps;
USERNAME=MB-teacher
OS=Windows_NT
PROCESSOR_IDENTIFIER=Intel64 Family 6 Model 42 Stepping 7, GenuineIntel



---------------  S Y S T E M  ---------------

OS: Windows 10.0 , 64 bit Build 18362 (10.0.18362.329)

CPU:total 4 (initial active 4) (4 cores per cpu, 1 threads per core) family 6 model 42 stepping 7, cmov, cx8, fxsr, mmx, sse, sse2, sse3, ssse3, sse4.1, sse4.2, popcnt, avx, aes, clmul, tsc, tscinvbit

Memory: 4k page, physical 8345568k(1869472k free), swap 8345568k(4092k free)

vm_info: OpenJDK 64-Bit Server VM (25.232-b09) for windows-amd64 JRE (1.8.0_232-b09), built on Oct 20 2019 21:49:19 by "VssAdministrator" with MS VC++ 10.0 (VS2010)

time: Wed Aug 26 13:32:08 2020
timezone: x_
elapsed time: 2 seconds (0d 0h 0m 2s)

